<?xml version="1.0" encoding="UTF-8"?>
<testsuite xmlns:xsi="http://www.w3.org/2001/XMLSchema-instance" xsi:noNamespaceSchemaLocation="https://maven.apache.org/surefire/maven-surefire-plugin/xsd/surefire-test-report-3.0.xsd" version="3.0" name="org.acme.rest.GreetingResourceTest" time="3.906" tests="1" errors="0" skipped="0" failures="0">
  <properties>
[...]
</properties>
  <testcase name="testHelloEndpoint" classname="org.acme.rest.GreetingResourceTest" time="1.333">
    <system-out><![CDATA[2021-07-16 22:42:22,068 INFO  [io.quarkus] (main) Quarkus 2.0.2.Final on JVM started in 2.192s. Listening on: http://localhost:8081
2021-07-16 22:42:22,074 INFO  [io.quarkus] (main) Profile test activated. 
2021-07-16 22:42:22,074 INFO  [io.quarkus] (main) Installed features: [cdi, kotlin, resteasy, resteasy-jackson, smallrye-context-propagation]
]]></system-out>
  </testcase>
</testsuite>